\BOOKMARK [1][-]{section.1}{Introduction\040of\040basic\040fatigue\040criteria}{}% 1
\BOOKMARK [2][-]{subsection.1.1}{Crossland\040Criterion}{section.1}% 2
\BOOKMARK [2][-]{subsection.1.2}{Dang\040Van\040Criterion}{section.1}% 3
\BOOKMARK [2][-]{subsection.1.3}{Papadopoulos\040Criterion}{section.1}% 4
\BOOKMARK [1][-]{section.2}{Space\040gradient\040effects}{}% 5
\BOOKMARK [2][-]{subsection.2.1}{Introduction}{section.2}% 6
\BOOKMARK [2][-]{subsection.2.2}{Approach\040of\040Luu\040et\040al.}{section.2}% 7
\BOOKMARK [3][-]{subsubsection.2.2.1}{General\040formulation}{subsection.2.2}% 8
\BOOKMARK [3][-]{subsubsection.2.2.2}{Recall\040of\040the\040classical\040Crossland\040criterion}{subsection.2.2}% 9
\BOOKMARK [3][-]{subsubsection.2.2.3}{Formulation\040of\040Crossland\040criterion\040with\040gradient\040effect}{subsection.2.2}% 10
\BOOKMARK [2][-]{subsection.2.3}{Optimized\040Crossland\040Criterion\040formulation}{section.2}% 11
\BOOKMARK [2][-]{subsection.2.4}{Calibration\040of\040the\040critera}{section.2}% 12
\BOOKMARK [3][-]{subsubsection.2.4.1}{Rotating\040cantilever\040bending\040fatigue\040tests\040using\040Papadopoulos\040criterion}{subsection.2.4}% 13
\BOOKMARK [3][-]{subsubsection.2.4.2}{Fully\040reversed\0404-point\040bending\040and\040rotating\040cantilever\040bending\040fatigue\040tests\040using\040Crossland\040criterion}{subsection.2.4}% 14
\BOOKMARK [3][-]{subsubsection.2.4.3}{Bending-torsion\040fatigue\040tests}{subsection.2.4}% 15
\BOOKMARK [3][-]{subsubsection.2.4.4}{Comparison\040with\040experimental\040data}{subsection.2.4}% 16
\BOOKMARK [2][-]{subsection.2.5}{Discussion}{section.2}% 17
\BOOKMARK [2][-]{subsection.2.6}{Conclusion}{section.2}% 18
\BOOKMARK [1][-]{section.3}{Time\040varying\040load\040:\040the\040standard\040approach}{}% 19
\BOOKMARK [2][-]{subsection.3.1}{The\040notion\040of\040damage\040in\040fatigue}{section.3}% 20
\BOOKMARK [3][-]{subsubsection.3.1.1}{Linear\040and\040nonlinear\040accumulation\040of\040damage}{subsection.3.1}% 21
\BOOKMARK [3][-]{subsubsection.3.1.2}{Classic\040Chaboche\040damage\040law}{subsection.3.1}% 22
\BOOKMARK [2][-]{subsection.3.2}{Verification\040method\040of\040Chaboche\040law}{section.3}% 23
\BOOKMARK [2][-]{subsection.3.3}{Chaboche\040law\040containing\040different\040criteria}{section.3}% 24
\BOOKMARK [3][-]{subsubsection.3.3.1}{Chaboche\040law\040with\040Crossland\040criterion}{subsection.3.3}% 25
\BOOKMARK [3][-]{subsubsection.3.3.2}{Chaboche\040law\040with\040Dang\040Van\040criterion}{subsection.3.3}% 26
\BOOKMARK [2][-]{subsection.3.4}{Numerical\040testing\040on\040different\040loading\040patterns}{section.3}% 27
\BOOKMARK [3][-]{subsubsection.3.4.1}{Test\040on\040pure\040rotation}{subsection.3.4}% 28
\BOOKMARK [3][-]{subsubsection.3.4.2}{Test\040on\0404-point\040bending}{subsection.3.4}% 29
\BOOKMARK [3][-]{subsubsection.3.4.3}{Test\040on\040rotative\040bending}{subsection.3.4}% 30
\BOOKMARK [2][-]{subsection.3.5}{Experimental\040verification\040of\040the\040proposed\040model\040}{section.3}% 31
\BOOKMARK [3][-]{subsubsection.3.5.1}{Cycle\040Counting\040Method}{subsection.3.5}% 32
\BOOKMARK [3][-]{subsubsection.3.5.2}{Using\040the\040method\040of\040plasticity\040accumulation}{subsection.3.5}% 33
\BOOKMARK [2][-]{subsection.3.6}{Discussion}{section.3}% 34
\BOOKMARK [1][-]{section.4}{Multiscale\040energy\040dissipation\040approach}{}% 35
\BOOKMARK [2][-]{subsection.4.1}{Kinematic\040Hardening\040Models}{section.4}% 36
\BOOKMARK [3][-]{subsubsection.4.1.1}{Linear\040Kinematic\040Hardening}{subsection.4.1}% 37
\BOOKMARK [3][-]{subsubsection.4.1.2}{Non-linear\040Kinematic\040Hardening}{subsection.4.1}% 38
\BOOKMARK [2][-]{subsection.4.2}{Existing\040Energy\040Based\040Fatigue\040Models}{section.4}% 39
\BOOKMARK [3][-]{subsubsection.4.2.1}{Energy\040dissipation\040based\040on\040law\040of\040thermodynamics}{subsection.4.2}% 40
\BOOKMARK [3][-]{subsubsection.4.2.2}{Energy\040dissipation\040based\040on\040strain\040energy\040density}{subsection.4.2}% 41
\BOOKMARK [3][-]{subsubsection.4.2.3}{A\040critical\040plane\040approach\040based\040on\040energy\040concepts}{subsection.4.2}% 42
\BOOKMARK [2][-]{subsection.4.3}{Weakening\040scales\040and\040yield\040function}{section.4}% 43
\BOOKMARK [3][-]{subsubsection.4.3.1}{The\040concept\040of\040weakening\040scales}{subsection.4.3}% 44
\BOOKMARK [3][-]{subsubsection.4.3.2}{Distribution\040of\040weakening\040scales}{subsection.4.3}% 45
\BOOKMARK [3][-]{subsubsection.4.3.3}{Yield\040function\040with\040mean\040stress\040effect}{subsection.4.3}% 46
\BOOKMARK [3][-]{subsubsection.4.3.4}{Local\040plastic\040model}{subsection.4.3}% 47
\BOOKMARK [3][-]{subsubsection.4.3.5}{Energy\040dissipation\040in\040shear\040cycle\040with\040mean\040stress}{subsection.4.3}% 48
\BOOKMARK [2][-]{subsection.4.4}{Construction\040of\040an\040energy\040based\040fatigue\040approach}{section.4}% 49
\BOOKMARK [2][-]{subsection.4.5}{Nonlinearity\040of\040damage\040accumulation}{section.4}% 50
\BOOKMARK [3][-]{subsubsection.4.5.1}{Energy\040approach\040with\040Chaboche\040law}{subsection.4.5}% 51
\BOOKMARK [3][-]{subsubsection.4.5.2}{Generalized\040damage\040accumulation}{subsection.4.5}% 52
\BOOKMARK [2][-]{subsection.4.6}{Loop\040on\040time\040and\040scales}{section.4}% 53
\BOOKMARK [3][-]{subsubsection.4.6.1}{Integration\040rules\040for\040\040and\040D}{subsection.4.6}% 54
\BOOKMARK [3][-]{subsubsection.4.6.2}{Regime\040determination\040under\040multiple\040scales}{subsection.4.6}% 55
\BOOKMARK [2][-]{subsection.4.7}{Test\040on\040different\040load\040histories}{section.4}% 56
\BOOKMARK [3][-]{subsubsection.4.7.1}{One\040dimensional\040application\040to\040simple\040cyclic\040data}{subsection.4.7}% 57
\BOOKMARK [3][-]{subsubsection.4.7.2}{One\040dimensional\040application\040to\040PSA\040data}{subsection.4.7}% 58
\BOOKMARK [3][-]{subsubsection.4.7.3}{Multi-dimensional\040application\040to\040PSA\040data}{subsection.4.7}% 59
\BOOKMARK [2][-]{subsection.4.8}{Discussion}{section.4}% 60
\BOOKMARK [1][-]{section.5}{Application\040to\040real\040data}{}% 61
\BOOKMARK [2][-]{subsection.5.1}{Time\040filtering\040of\040load\040signal}{section.5}% 62
\BOOKMARK [2][-]{subsection.5.2}{Calculation\040of\040local\040stress\040histories\040\(PSA\)}{section.5}% 63
\BOOKMARK [2][-]{subsection.5.3}{Results\040from\040a\040standard\040Chaboche\040approach}{section.5}% 64
\BOOKMARK [2][-]{subsection.5.4}{Results\040from\040the\040new\040approach}{section.5}% 65
\BOOKMARK [1][-]{section.6}{Ideas\040to\040introduce\040chronology\040effects}{}% 66
\BOOKMARK [1][-]{section.6}{Reference}{}% 67
\BOOKMARK [1][-]{section.6}{Appendices}{}% 68
\BOOKMARK [1][-]{Appendix .A}{DETAILED\040EXPLOITATION}{}% 69
\BOOKMARK [1][-]{Appendix .B}{MATLAB\040CODE\040LISTING}{}% 70
